<?xml version="1.0" encoding="UTF-8"?>
<testsuite xmlns:xsi="http://www.w3.org/2001/XMLSchema-instance" xsi:noNamespaceSchemaLocation="https://maven.apache.org/surefire/maven-surefire-plugin/xsd/surefire-test-report.xsd" version="3.0.2" name="com.example.jug2025.modulith.ModulithApplicationTests" time="0.928" tests="1" errors="0" skipped="0" failures="0">
  <properties>
[...]
</properties>
  <testcase name="contextLoads" classname="com.example.jug2025.modulith.ModulithApplicationTests" time="0.341">
    <system-out><![CDATA[08:53:13.708 [main] INFO org.springframework.test.context.support.AnnotationConfigContextLoaderUtils -- Could not detect default configuration classes for test class [com.example.jug2025.modulith.ModulithApplicationTests]: ModulithApplicationTests does not declare any static, non-private, non-final, nested classes annotated with @Configuration.
08:53:13.759 [main] INFO org.springframework.boot.test.context.SpringBootTestContextBootstrapper -- Found @SpringBootConfiguration com.example.jug2025.modulith.ModulithApplication for test class com.example.jug2025.modulith.ModulithApplicationTests

  .   ____          _            __ _ _
 /\\ / ___'_ __ _ _(_)_ __  __ _ \ \ \ \
( ( )\___ | '_ | '_| | '_ \/ _` | \ \ \ \
 \\/  ___)| |_)| | | | | || (_| |  ) ) ) )
  '  |____| .__|_| |_|_| |_\__, | / / / /
 =========|_|==============|___/=/_/_/_/

 :: Spring Boot ::                (v3.5.6)

2025-09-25T08:53:13.892+02:00  INFO 80104 --- [modulith] [           main] c.e.j.modulith.ModulithApplicationTests  : Starting ModulithApplicationTests using Java 21.0.7 with PID 80104 (started by sebastian.sigl in /Users/sebastian.sigl/Workspace/conference/jug-2025)
2025-09-25T08:53:13.893+02:00  INFO 80104 --- [modulith] [           main] c.e.j.modulith.ModulithApplicationTests  : No active profile set, falling back to 1 default profile: "default"
2025-09-25T08:53:14.234+02:00  INFO 80104 --- [modulith] [           main] o.s.s.config.TaskSchedulerRouter         : No TaskScheduler/ScheduledExecutorService bean found for scheduled processing
2025-09-25T08:53:14.236+02:00  INFO 80104 --- [modulith] [           main] c.e.j.modulith.ModulithApplicationTests  : Started ModulithApplicationTests in 0.438 seconds (process running for 0.771)
]]></system-out>
    <system-err><![CDATA[Mockito is currently self-attaching to enable the inline-mock-maker. This will no longer work in future releases of the JDK. Please add Mockito as an agent to your build as described in Mockito's documentation: https://javadoc.io/doc/org.mockito/mockito-core/latest/org.mockito/org/mockito/Mockito.html#0.3
WARNING: A Java agent has been loaded dynamically (/Users/sebastian.sigl/.m2/repository/net/bytebuddy/byte-buddy-agent/1.17.7/byte-buddy-agent-1.17.7.jar)
WARNING: If a serviceability tool is in use, please run with -XX:+EnableDynamicAgentLoading to hide this warning
WARNING: If a serviceability tool is not in use, please run with -Djdk.instrument.traceUsage for more information
WARNING: Dynamic loading of agents will be disallowed by default in a future release
]]></system-err>
  </testcase>
</testsuite>